9601.6744
9599.9463
9611.3265
9568.6251
9584.569
9590.2977
9595.5763
9586.5428
9573.7973
9564.7849
9236.7198
9180.9053
9241.8437
9182.2703
9195.0298
9195.2202
9298.1824
9250.3103
9236.0562
9181.214
7398.9596
7366.3937
7537.2271
7546.1672
7524.8387
7670.3633
7624.4966
7423.6948
7601.4198
7326.8914
4386.9632
4703.4964
4662.585
4615.6661
4732.3035
4745.5396
4871.8168
4395.5213
4329.8313
4507.9169
1918.37
1311.9222
1792.7915
1989.5244
1815.2029
1910.8707
1648.6924
2058.1984
1869.9633
1843.0076
990.65953
1025.7449
1120.3914
981.29213
1189.8724
1029.8132
1069.0868
1076.7845
993.17202
1072.0318
1029.4942
1038.5812
946.11072
1024.7371
1020.9083
1027.3269
1030.7678
1046.8869
1001.9821
955.13347
845.78231
820.40658
849.33022
787.44754
737.18729
835.45298
848.18448
781.09131
865.77642
774.09586
545.3562
619.78646
578.88209
598.53242
556.61122
534.93354
564.91373
601.01383
582.7101
589.20723
491.43545
507.20455
517.91112
515.51581
533.26526
506.2241
519.49678
530.34867
537.33359
547.84436
72035.926
71953.263
72036.845
71994.659
71985.154
72017.167
71976.085
71999.252
71918.99
72073.995
69052.446
69122.59
69069.359
69301.435
69192.826
69222.954
68935.953
69074.166
69258.413
69110.38
58057.636
58091.917
58012.193
58093.045
58369.669
57881.237
58177.977
58339.942
58025.228
58170.16
44841.481
45075.252
45268.171
45277.613
44943.329
44646.061
45458.831
45166.487
44899.303
45370.977
32611.153
33093.825
32450.888
32872.397
32919.849
32355.461
33314.88
32521.752
32601.798
33088.674
21317.242
21255.057
21258.204
21431.813
21737.927
21020.241
21536.146
21569.618
22082.355
21316.828
18639.394
20207.874
20236.714
20698.224
20316.909
20298.269
19623.136
20000.38
20297.116
20820.995
10532.569
10495.513
10397.398
10791.395
10722.602
11050.991
10694.171
10818.773
10878.899
10423.837
7088.532
7275.412
7401.9234
7706.5525
7219.2238
7163.1621
7232.0653
7195.913
7292.7904
7082.6174
7199.9289
7125.2834
7154.2701
6830.8472
7020.3597
6492.9054
6763.7989
6575.2155
6479.6547
6736.5763
104061.41
103929.54
103980.35
104018.13
104056.25
103993.67
103998.34
104016.07
104044.34
103941.14
100047.98
100030.25
100087.62
99949.526
99777.987
99810.256
99969.6
100079.51
99732.167
99977.496
83711.077
83983.092
83878.807
83560.365
83473.608
83816.825
84227.824
84013.859
83966.598
83838.741
64913.241
65803.005
65101.915
64897.063
65397.185
64938.12
65402.903
65263.081
65211.396
65425.509
48879.724
47658.557
48612.642
48204.559
48513.045
48247.84
48394.634
48115.737
47972.811
48061.33
30695.712
31965.975
31864.277
32269.252
32258.592
32239.268
31814.518
31833.802
31657.343
31722.556
28200.337
18724.723
27900.847
17517.005
28999.359
17560.368
17737.391
17672.87
28548.083
17617.072
18290.339
18445.052
18260.663
19049.112
17908.48
18297.993
18076.86
18021.905
18226.079
18619.538
12881.27
13365.043
12964.821
13459.798
13338.156
12999.733
13010.844
13020.325
12848.538
13087.046
12049.008
12178.929
12507.12
12886.102
12633.839
12613.32
12359.985
12337.625
12750.596
12669.147
134292.51
134469.14
134452.03
134463.2
134399.74
134388.08
134376.38
134412.18
134468.71
134460.16
129373.17
128782.75
128978.9
129151.48
129073.87
128838.25
129329.15
128948.45
129150.33
129342.87
108539.7
108313.53
108658.16
108374.41
108846.75
109280.94
108849.36
108256.3
108304.52
108705.64
84427.92
84322.153
84554.435
84393.823
84860.834
84395.131
85018.563
85126.313
84614.668
84553.835
63903.055
62677.451
62381.224
62590.392
62860.028
63641.342
63003.696
62981.108
63032.611
62896.14
42550.777
43116.927
42782.026
43150.692
42363.025
41871.121
43236.652
42684.45
43238.812
42924.649
23751.5
24271.301
24358.989
24039.423
24793.58
24269.82
25050.666
24803.338
24239.948
24945.194
26360.062
25896.002
26364.341
25568.897
25763.754
26816.39
25683.248
26469.321
25965.541
25757.225
20569.05
20166.408
20759.209
21267.226
20497.372
21010.91
20357.674
19906.768
19221.642
20371.689
20247.554
20616.38
20412.05
20089.372
20131.388
19733.37
19656.942
19728.777
19309.399
20286.264
166363.62
166448.52
166358.49
166406.21
166336.78
166507.35
166474.13
166405.46
166383.21
166340.38
160205.25
159959.42
159594.28
159850.83
159880.58
159880.7
159741.41
159954.52
159635.75
159981.54
134931.56
134428.86
134540.84
134406.23
134478.87
134380.48
134877.12
134685.26
134369.1
134065.9
105479.44
105616.14
106047.7
106140.68
105306.12
105226.34
105068.27
104929.26
105436.33
104698.58
79514.028
78631.274
77638.121
78462.084
77856.641
79262.723
78707.341
78875.881
79071.013
79264.463
54260.329
54326.352
53670.657
54966.787
53833.568
54746.886
55385.74
54819.416
54555.448
54179.976
32329.974
32489.561
32479.825
33300.366
32502.833
33896.639
32848.166
32937.985
33346.724
33540.265
35794.413
35018.96
34960.403
35403.362
35433.5
35547.614
35423.562
35609.768
34710.408
35633.073
29035.143
30285.647
29853.996
30439.848
30284.277
29272.734
29738.239
30479.667
29818.405
30144.22
29524.105
30544.511
29401.05
29954.455
30355.483
29906.608
30804.833
29857.644
30173.395
29305.186
196881.65
196816.2
196776.16
196879.3
196855.77
196780.76
196911.54
196840.43
196749.16
196770.5
188795.68
189192.59
189193.35
188986.97
189251.23
188787.97
189360.01
188826.1
189114.53
188938.5
158883.67
159350.64
159157.96
159381.86
158680.57
159764.95
159236.22
158605.42
159469.46
160153.04
124884.54
125746.02
125092.79
125011.95
125587.07
125543.98
125152.04
125393.1
125613.62
124645.01
94749.385
94382.623
94804.869
94630.54
95366.76
94390.968
95614.423
95301.062
94100.758
94592.745
67035.141
66496.25
66390.28
67419.702
67296.143
67897.093
67772.19
67404.878
67355.62
66586.667
43371.364
41213.095
42771.033
42242.878
41981.31
42755.656
42652.725
42338.24
43753.405
42628.833
44388.145
43752.722
44011.608
44337.943
44073.308
43168.904
43927.034
44035.223
43864.801
44352.204
39654.715
40049.391
40483.255
40279.183
39543.06
40104.939
39597.541
39496.865
39852.43
39801.658
40938.503
42212.551
38484.467
42202.235
38957.371
39651.424
41785.874
41272.518
40673.441
39024.124
228895.61
228764.06
228775.4
228718.01
228942.87
228782.62
228761.11
228775.0
228663.25
228760.68
219637.48
219616.85
220003.62
219410.13
220161.72
219936.99
219580.55
219431.33
219967.07
219779.06
185589.48
185143.18
185086.16
185471.04
185563.37
185748.69
185090.67
185574.54
185770.56
185666.93
147078.82
146764.52
147847.87
146742.68
147474.16
146892.86
146657.12
146603.37
146817.1
146056.47
111562.66
111881.53
111878.04
112677.12
111247.95
111716.0
112852.71
111941.72
111349.66
112289.67
80556.651
81414.843
81927.079
82193.253
81244.805
81033.497
82150.61
81040.604
80797.354
81831.721
54819.976
52620.468
54460.275
54848.501
53423.206
54239.728
54245.166
55162.419
53564.767
53234.846
53476.888
53224.652
53601.767
53605.7
53273.046
53130.075
54094.681
53188.812
53229.416
53275.357
52044.642
51506.55
50807.167
50471.335
52510.668
51717.268
51632.798
51210.791
52530.776
50902.785
55703.666
55618.32
55774.297
55834.075
55962.472
55854.988
55271.571
55259.58
55082.86
56210.624
259108.95
259204.24
259229.67
259360.95
259158.51
259351.08
259265.96
259279.95
259274.69
259195.57
249024.1
249183.9
249265.47
248754.62
248863.14
248782.2
249225.49
248919.98
249061.99
248784.46
210096.86
210065.83
209543.5
210213.82
210850.37
210537.35
210442.77
210209.09
209845.58
210536.48
166661.91
167575.31
166855.14
166933.05
167656.38
167469.36
167431.31
167884.82
166724.61
167293.93
129237.42
130465.72
130186.46
129661.07
130733.96
129182.16
128622.04
128767.64
129997.58
129604.65
95209.172
95614.013
96476.349
95935.345
96772.212
96426.981
96428.336
96497.074
96605.252
96069.8
68044.391
67100.041
67485.074
65777.944
65543.795
66335.121
67516.67
66638.651
66539.783
67179.809
63210.344
65449.738
64380.318
62763.484
63330.954
62839.94
62949.566
63302.875
63528.885
63557.739
64314.557
64648.556
63283.056
63286.465
63642.849
63178.495
63771.031
63497.084
64232.524
64575.135
69288.619
68761.452
68831.336
69147.552
68199.242
69637.394
68854.941
69712.868
68990.957
68822.196
291213.87
291147.26
291179.05
291325.15
291196.85
291194.5
291134.08
291197.6
291157.3
291266.32
279880.57
279545.33
280056.37
279953.01
279741.54
280014.13
279887.62
279698.88
279655.78
279912.31
237707.48
236699.11
236577.38
236432.74
237230.45
236725.18
236171.05
237182.41
237363.67
236159.21
190216.02
189616.49
190145.4
188125.95
189463.91
189285.99
190406.05
189334.71
189435.72
189073.95
149175.77
147615.51
149059.48
150076.97
147801.92
148831.67
148711.58
147889.99
147489.08
147619.6
113229.53
113338.25
113076.65
112779.19
112749.37
113228.45
112786.14
112859.15
112817.45
113857.59
82345.271
82738.852
82665.719
82846.059
81708.577
83080.304
82732.862
84099.748
82345.151
82524.701
75296.86
75096.61
76450.985
74811.768
75601.51
76045.745
76432.769
76054.269
75965.253
75748.687
78366.262
77336.223
77824.757
79132.504
77952.028
78581.624
76393.68
76726.018
78845.729
77610.647
82579.606
82585.647
83019.954
82705.956
82258.401
82083.151
82221.278
82050.621
82334.748
82536.218
321505.45
321593.4
321627.32
321649.05
321603.17
321622.06
321496.88
321564.47
321676.5
321581.1
309131.1
308644.31
309055.0
309592.26
309193.72
308532.42
308874.62
309252.14
308622.75
309269.14
262335.57
262180.11
261888.52
262425.97
262263.96
261365.4
262530.83
261834.31
261503.17
262478.56
211609.79
210300.95
210736.58
211026.83
211041.75
210710.06
210842.27
210520.26
211735.7
211719.89
167822.26
168536.3
167579.57
167803.13
168079.75
167898.25
167075.65
167508.17
167303.9
167254.76
130842.51
132293.21
130796.73
132120.81
131205.17
130313.63
132021.93
130671.64
130114.5
131459.63
100500.22
100425.88
100238.1
100669.49
100548.6
101182.78
100789.44
100911.67
101034.31
100666.31
85103.63
85152.038
85148.083
84850.777
85183.628
85324.873
84916.34
84867.691
85075.242
85306.886
89051.167
89224.81
86905.051
88862.776
88685.32
88968.869
89660.906
89840.411
88931.228
89119.017
93638.619
94330.426
93943.555
93646.651
93849.151
93718.526
93943.023
93647.887
93974.422
93825.121
