802.79557
802.27476
800.14842
802.26819
807.92651
796.81307
795.92108
804.50935
798.5496
808.19671
778.81492
768.86749
768.25738
771.23415
791.18758
776.57632
772.7588
785.63768
771.72765
772.94052
643.01097
621.13854
627.89978
632.49259
640.47554
621.71452
638.25268
668.52798
595.60292
650.04939
497.18305
480.71474
504.6644
490.75703
415.9169
531.47353
521.79443
492.54457
482.5671
506.61523
369.83952
320.23371
308.46018
369.55326
339.35579
376.61486
411.57623
339.21186
299.4927
382.39742
271.48206
233.95701
277.08833
261.85025
213.39151
277.71612
284.39881
231.00819
287.34875
238.77891
210.88698
201.66764
211.44806
199.99899
168.52963
195.82259
195.77831
200.9812
234.76054
214.90104
139.84118
138.38936
130.42289
110.76552
102.19469
125.15468
73.036212
139.40362
140.734
97.750323
94.504108
101.46129
92.477432
89.157431
103.1572
97.552917
97.4606
104.74349
95.712494
86.292922
87.364778
88.466128
87.931552
94.941956
93.030381
88.075461
96.011846
87.605618
89.299681
92.722677
1589.3587
1597.5579
1601.6097
1592.5001
1600.4427
1596.5598
1599.3907
1600.9801
1598.3722
1598.3218
1542.618
1515.9032
1518.1172
1523.9851
1545.9187
1547.1228
1559.5245
1530.3497
1524.6685
1535.6746
1300.664
1243.0557
1261.9041
1361.0113
1289.7089
1302.5949
1250.6066
1282.2244
1305.5469
1306.9602
897.77163
1031.3436
999.39754
1003.1575
1000.8253
1022.8966
980.93171
1029.3908
964.0505
1024.9404
769.86899
672.51551
710.68929
794.49383
755.56889
782.41459
796.35368
674.97457
714.64703
757.93007
599.97834
565.64389
449.43885
548.61753
387.90641
537.35725
592.11682
540.26892
537.0667
575.44653
349.47275
401.04298
375.3966
414.9775
409.23321
391.60785
431.32411
412.28237
381.45299
391.48333
305.291
345.0795
237.91587
322.52692
329.62152
273.47905
220.88271
257.09523
249.75196
276.70378
172.04519
266.27307
249.36388
236.30368
190.62496
208.89257
262.65094
174.12285
162.44253
206.72668
212.75408
192.16792
215.67352
230.36929
240.7607
243.09973
186.58452
215.73653
220.53893
174.41934
1993.1089
2003.3868
1987.9358
1996.4469
1990.6545
1998.093
2000.7582
2006.123
2005.2832
1999.8903
1931.5864
1922.9029
1920.1273
1914.0096
1923.2069
1931.2403
1917.6939
1913.3489
1910.6434
1931.9575
1653.967
1610.3363
1624.0131
1650.8967
1627.7729
1641.8869
1636.8321
1587.1574
1603.9454
1551.3977
1295.9406
1287.8789
1338.8504
1350.1056
1286.5518
1229.5837
1313.6022
1356.8041
1291.6268
1199.5996
1006.9169
923.98755
848.05669
1035.0898
913.62598
876.2685
869.97774
893.18907
988.32048
915.65777
710.91307
692.45946
608.80311
682.77833
667.74809
666.49346
671.01848
732.57381
623.64095
651.3688
524.40753
497.57591
581.78216
528.30534
477.9856
511.02266
541.14189
539.21969
552.82112
519.55325
396.20117
358.49893
371.45091
433.84428
476.59554
330.08648
438.47545
421.46365
372.81981
445.56085
336.68949
360.11844
367.81474
290.85948
293.4345
366.55387
301.50148
310.56165
345.92728
206.65059
276.55054
271.61457
392.8365
377.16318
275.65542
320.29555
235.96531
350.62191
274.10459
297.47324
2395.6118
2408.4134
2383.8303
2403.7017
2396.6588
2397.8976
2406.9056
2403.6586
2391.0701
2403.7648
2328.3636
2348.4784
2281.5902
2314.2949
2322.7692
2313.2302
2279.3145
2328.8259
2298.2033
2295.2006
1961.5038
2062.4977
1954.1933
1960.8345
1950.0219
1945.33
1965.5381
1997.4108
1940.6356
1968.4948
1481.9863
1503.0644
1543.4539
1547.894
1650.5714
1450.1397
1478.3151
1607.7586
1501.3698
1545.0556
1175.9811
1060.2804
1052.1469
1241.003
1109.1221
1169.9758
1022.5901
1143.4343
1239.0343
1224.8121
740.41243
793.62523
899.88711
661.21633
756.12304
720.22818
784.48137
794.33087
766.33942
728.12684
535.72789
726.56796
592.98155
562.98942
591.20409
540.15598
696.04153
646.9047
661.88118
604.75825
532.39331
588.95045
572.4764
498.30312
514.19319
523.1146
466.90384
515.63432
528.85242
528.68535
493.63439
489.28078
485.95455
507.31473
465.86544
475.0287
299.86549
463.25895
429.3566
404.51818
537.1811
449.55826
486.90696
448.74058
449.79607
429.31105
425.2416
472.23878
432.30517
465.02052
2797.9237
2798.9499
2796.1758
2792.1181
2804.8821
2799.4658
2802.6071
2808.4982
2801.7962
2799.8576
2646.3334
2702.8586
2666.6659
2682.6758
2696.1435
2725.0652
2682.1891
2689.8991
2683.0744
2714.1977
2306.25
2236.443
2259.3855
2239.8249
2276.5528
2268.9529
2243.5635
2349.3583
2335.1402
2334.8379
1839.5281
1771.5331
1886.3582
1802.422
1844.7844
1705.5828
1782.7285
1748.7876
1733.6384
1717.9343
1336.3327
1313.8802
1376.5764
1321.6273
1306.9876
1352.4134
1330.2182
1307.0071
1263.7311
1448.8961
1006.0544
974.34492
757.17815
840.76413
1007.3686
985.97728
892.73635
971.22531
912.45547
987.44084
731.23321
704.28699
731.77341
668.6034
566.42382
647.58638
689.41329
649.58356
651.42569
674.75752
651.67421
670.00837
644.99052
707.5398
708.76669
733.81866
681.74739
730.04735
666.76748
633.43043
644.97162
564.70759
525.83683
629.90964
650.30689
635.88628
631.62995
611.48649
608.81564
692.64597
699.37495
659.60303
602.43831
603.86351
553.08135
607.51583
597.22751
601.30638
569.34771
565.13269
3205.3406
3208.2743
3200.5576
3188.6006
3192.9019
3206.451
3213.3725
3181.3732
3193.2705
3199.7784
3112.7098
3106.091
3047.7542
3051.62
3056.1634
3066.5417
3039.5591
3049.0596
3079.9324
3098.9229
2549.0191
2626.9249
2687.7234
2604.3346
2580.8699
2597.5999
2606.1502
2585.1953
2558.494
2594.2412
2082.2176
2001.1704
2082.2967
1937.3319
1982.8528
2047.6586
1947.016
1987.6779
2045.3972
1972.9858
1466.611
1534.5694
1509.6892
1481.5772
1654.7812
1549.2767
1449.9593
1446.9012
1536.9497
1461.7921
1105.3679
978.57195
1159.4308
1075.761
1050.2022
1046.5715
1258.1418
1073.3146
1065.8558
1103.7472
736.53406
699.03298
937.27691
770.27668
795.00602
835.01719
823.94476
744.09636
662.22268
793.9373
764.12683
767.69319
787.20691
787.28362
751.22069
800.6394
837.35646
758.65869
807.42197
797.67973
815.00202
762.07827
772.90605
746.76611
804.36733
781.84188
826.64907
717.45433
715.59673
797.01681
768.84912
729.91956
773.2139
766.35074
813.92115
797.98476
759.37893
790.86597
747.11963
758.20663
3607.439
3599.5415
3612.0521
3604.4104
3605.7421
3595.1186
3598.213
3602.1657
3585.0041
3599.5635
3447.8591
3448.193
3473.5838
3416.0465
3469.7703
3445.4642
3504.9182
3461.7169
3467.1037
3463.9638
2957.8988
2914.5462
2935.0456
2967.9883
2879.4336
2865.7638
2916.2484
2926.7862
2844.0339
2861.1408
2280.8363
2384.8458
2363.4523
2183.306
2355.9954
2355.6411
2382.501
2350.4218
2279.9605
2399.6457
1797.6308
1765.2419
1753.8047
1692.5556
1881.2136
1888.0383
1791.3302
1790.0032
1764.5935
1882.7856
1262.731
1353.1041
1219.5462
1308.3736
1225.023
1121.3758
1234.4845
1360.7733
1287.8927
1286.943
858.31595
892.69032
866.54629
837.78213
969.46535
850.50972
848.60108
960.08603
906.59493
945.83373
1005.5972
896.79481
952.65522
920.44222
897.05366
890.50685
992.60141
935.66006
956.78861
927.64264
914.19491
919.72265
839.81641
906.24425
907.36303
901.56256
958.33574
950.22991
877.28077
860.22783
964.57318
905.97779
935.72542
917.43651
903.70356
952.53883
797.7937
881.83123
882.63138
923.93086
3989.0097
4011.9104
4010.5549
3997.0187
4004.028
3986.7346
4002.3152
3990.8274
4001.2403
4008.3017
3819.6985
3868.6989
3826.2024
3827.328
3823.2476
3822.7431
3855.4182
3815.715
3842.3337
3818.4292
3378.1079
3177.9488
3232.9624
3224.4548
3259.0062
3371.6156
3284.1115
3243.4691
3312.3138
3269.2495
2653.0582
2637.6256
2506.7337
2575.4128
2673.157
2562.5048
2558.366
2494.1912
2563.7405
2622.769
1955.4667
1889.4633
1941.8257
2076.5266
2013.8627
1915.9144
2039.4598
1895.3736
2025.901
1991.7579
1576.1097
1659.3738
1513.6578
1383.8639
1448.5992
1569.2144
1499.6285
1386.7583
1615.2055
1501.3284
1002.7073
1098.8808
1040.3166
1100.3288
1035.6883
1039.7024
907.86142
1198.2021
1011.4141
1170.9911
1036.9299
1043.8065
1028.4115
1015.7934
1064.1719
1016.8488
992.20336
1016.286
1055.6147
1041.4799
1033.4985
1101.3495
1050.8508
982.62238
937.87321
987.67132
1075.5291
994.1017
968.41267
1047.5739
1086.1783
1011.5186
1006.4849
1015.5417
1013.3462
1086.9563
1121.296
1080.1185
1031.908
1018.3843
4423.0241
4404.8139
4417.2204
4403.0984
4414.3767
4411.7201
4395.6917
4391.6707
4407.2346
4386.7932
4241.2916
4225.7224
4203.5508
4222.8781
4269.0267
4221.4389
4211.9255
4217.8988
4215.8257
4220.0243
3668.4871
3658.7615
3613.566
3527.444
3650.5984
3644.3179
3541.8166
3558.7504
3562.5764
3525.4173
2900.3501
2928.6926
2992.2451
2850.5176
2828.683
2886.6984
2901.6124
2835.0417
2880.3486
2864.8771
2466.223
2284.1927
2271.0609
2285.2777
2414.8245
2328.1258
2226.8354
2208.7312
2179.2252
2300.9414
1743.1558
1734.4638
1802.4588
1653.8572
1766.1853
1732.8254
1659.1334
1719.7847
1497.2065
1664.3336
1262.1803
1123.5821
1143.0821
1197.1912
1198.2023
1369.346
1218.387
1242.7712
1268.8078
1234.5658
1155.8393
1114.2834
1140.2056
1179.0853
1189.906
1144.8284
1164.0608
1213.657
1169.1266
1176.4323
1080.597
1229.278
1190.6762
1204.5132
1133.6752
1193.7454
1157.4927
1157.9134
1209.9344
1174.7208
1106.2823
1182.6082
1225.6077
1273.3729
1127.7896
1120.4256
1178.6024
1182.5556
1221.9939
1274.488
4798.1953
4806.3071
4816.1235
4802.5711
4792.5391
4815.2923
4798.8136
4812.2291
4795.5168
4815.7599
4615.7443
4572.7914
4563.5156
4591.2243
4599.6503
4629.5352
4614.8365
4601.9966
4608.0333
4567.2407
3962.7203
3893.1875
3924.2217
3920.7307
3936.5759
3887.6686
3970.8852
3931.0675
3973.0964
3919.2004
3140.2154
2984.7239
3090.0624
3099.0374
3084.9207
3081.7949
3198.0807
3192.1709
3204.6408
3189.5539
2508.4351
2535.0626
2440.3178
2504.4869
2504.9598
2376.4658
2432.805
2462.4561
2563.8758
2537.868
1924.8287
1882.1477
1935.7252
1932.9715
1949.1933
2061.2436
1985.1096
1911.1974
1825.746
1890.8896
1579.4291
1415.519
1430.1568
1428.9949
1465.1645
1435.4516
1456.7138
1527.8779
1565.1454
1468.1565
1272.3675
1300.4038
1337.2283
1304.352
1295.725
1210.7985
1251.5196
1274.3401
1237.6438
1352.3725
1368.9451
1350.1634
1363.7191
1192.444
1234.7752
1382.01
1294.2888
1283.4893
1361.7947
1357.474
1336.0433
1383.0424
1310.9711
1360.9238
1343.6722
1406.9439
1411.3752
1164.5818
1287.8814
1377.8168
