4790.275
4795.978
4791.2701
4799.7429
4801.2077
4794.8827
4801.2027
4788.4224
4802.5455
4786.2829
4576.9398
4572.2788
4572.9529
4589.714
4587.2116
4605.0428
4600.5025
4588.1007
4602.434
4564.2571
3810.8592
3798.814
3742.7296
3751.0568
3830.8425
3859.5205
3729.1456
3738.9177
3852.724
3818.2627
2150.223
2168.2614
2030.2441
2520.3027
2034.7421
2134.0606
2244.5773
2157.8024
2428.1624
2203.3641
1072.9991
1184.0216
1395.9657
1236.8716
1158.6135
982.90473
1165.5278
1129.6907
1157.5548
1054.4466
964.84557
934.1878
969.27488
980.94488
947.66017
964.47828
944.19528
981.47425
888.36778
990.78789
802.15123
876.64838
985.66935
855.42862
891.24393
917.54434
850.64002
942.60397
893.27503
868.87431
628.64709
569.54693
686.07175
627.04103
522.22633
597.899
585.22608
527.53895
648.79549
573.55159
412.38852
414.16828
418.12655
419.78817
459.73517
417.2094
391.04392
443.12909
474.96143
417.73642
377.02877
358.69985
382.16499
368.62511
363.91937
351.3255
368.27195
373.00553
389.08543
420.21262
20008.678
20001.391
19987.762
20004.067
19958.394
20005.745
20000.156
19992.019
19991.141
19997.636
19206.226
19202.982
19179.51
19116.542
19163.136
19212.355
19031.32
19079.173
19237.145
19212.137
16108.742
16199.824
16140.927
16277.945
16044.624
16302.553
16191.329
16292.046
16277.16
16319.938
12612.234
12207.864
12631.329
12230.001
12743.861
12698.8
12499.104
12610.737
12738.916
12686.64
9080.9753
9299.6111
9376.7318
9154.3211
9035.886
9384.7071
9053.911
9194.6255
9239.9933
9051.1772
5861.5336
6191.5237
5598.4968
6325.0803
5822.0067
5867.1661
5721.5869
5852.3669
6132.2561
6143.4699
5999.9897
5708.8991
5848.7653
5103.2646
5559.0495
5946.4603
5660.3528
4917.997
5630.7073
4889.0872
3469.2467
3538.7941
3426.7386
3246.3072
3366.608
3248.201
3333.4053
3153.6132
3272.4118
3283.7535
2556.3271
2397.5282
2712.8299
2555.1415
2608.3285
2537.4607
2519.1961
2702.4321
2622.3063
2528.1671
2544.7077
2279.3872
1924.1574
2407.0345
2339.9115
2350.9673
2323.3434
2323.7214
2479.306
2027.5057
27221.326
27260.769
27227.93
27182.933
27191.324
27170.811
27195.64
27221.86
27159.134
27211.787
26178.089
26214.566
26138.989
26217.948
26090.321
26266.658
26261.603
25974.639
26139.994
26030.289
22023.174
21944.223
22048.106
21710.544
21915.02
21939.923
22100.597
22039.48
22059.909
21817.594
17004.697
17326.042
17117.972
17151.027
17047.438
17360.229
17096.954
17100.284
17181.916
16693.306
12486.674
12558.074
12259.101
12489.339
12920.269
12390.577
12811.473
12617.462
12879.305
12489.208
8370.5436
7979.1625
8244.3872
8306.8471
8345.7086
8696.8085
8788.4386
8734.7591
8305.4837
8328.5891
8177.9312
7874.52
7787.4306
8166.3916
7840.0108
7664.607
7971.6987
7969.6651
7817.331
7596.4699
4938.0134
4980.1683
4861.4671
4993.1497
4965.2482
4819.3169
4982.338
4826.8789
4754.0612
5059.1516
3991.4785
3677.2495
3905.5489
4202.8579
4205.0433
4273.6404
3984.0827
4162.3948
4023.3411
4002.4948
3851.89
3918.4685
3867.755
3992.678
3880.7312
3627.256
4137.2648
3848.6688
4012.5642
4038.4762
35204.294
35181.799
35247.55
35234.248
35171.989
35238.55
35210.806
35197.17
35241.05
35199.975
33840.022
33685.014
33744.317
33691.899
33753.799
33766.673
33869.281
33788.933
33846.45
33777.854
28257.681
28630.685
28235.612
28378.299
28565.544
27997.674
28428.96
28310.477
28351.259
28496.313
22398.855
22447.199
22345.286
22623.039
22268.91
22473.987
22119.755
22382.126
22365.81
22203.471
16359.88
16493.394
15855.836
16243.613
16688.891
16359.272
16014.906
16458.342
16572.845
16510.317
10829.053
11220.074
11114.705
11056.52
11538.119
11298.745
11373.59
11682.121
11336.266
11035.606
10071.576
6483.3273
10019.63
9747.1668
9964.8784
9923.5833
9877.0066
9852.598
8563.4119
10053.776
6494.8896
6450.4134
6822.264
6775.3683
6586.5179
6487.9358
6889.9122
6750.8417
6782.8137
6577.377
5974.5226
6012.3878
6303.3392
5730.6801
5823.6363
5851.6674
5911.9455
5832.6072
5680.4209
5982.862
5851.4026
5946.1026
5699.1831
5850.3195
5955.7196
5866.1064
5998.3304
5866.7248
5850.9113
5890.1224
42392.548
42381.958
42447.274
42375.277
42424.129
42424.905
42414.391
42397.301
42413.409
42467.18
40739.196
40618.968
40634.059
40725.026
40770.242
40673.596
40694.847
40749.183
40709.556
40739.662
34229.651
34291.6
34220.937
34040.307
34278.162
34451.63
34469.486
34072.759
34466.656
34386.244
26863.384
27271.503
27034.057
26516.913
26874.697
27469.005
26905.976
27110.911
27263.265
26730.737
20272.312
20055.029
20282.117
20618.631
20250.207
20100.313
20044.917
20558.949
20129.236
20540.478
14600.43
14018.78
14094.647
14286.435
14071.817
14434.214
14098.599
13998.108
14401.918
14089.946
8089.346
8520.0684
8518.2822
8245.0297
8509.4872
8495.2473
8632.9714
8022.6034
8142.7862
8668.7276
9116.2386
9119.8035
8857.4307
8885.9835
8431.6882
8666.6454
8760.5116
8540.7529
8728.4774
8838.4624
7658.356
7446.6218
7876.2199
7869.6032
7453.7438
8038.8492
7364.6764
7794.0869
7834.8194
7509.0912
7973.952
7787.0236
7628.3518
7602.645
7834.5916
7873.3714
7910.4915
7534.438
7792.6612
7698.7227
50372.871
50360.473
50382.878
50409.194
50390.981
50386.364
50389.164
50399.893
50342.975
50346.84
48300.767
48400.693
48409.683
48514.642
48440.54
48283.441
48456.958
48312.538
48456.667
48438.977
40919.236
40880.361
40792.78
40703.359
40792.189
41132.095
40968.295
41039.559
40716.807
40655.824
32705.329
32569.866
32340.128
31716.49
32242.838
32357.903
31754.766
32226.055
32349.182
32233.365
24590.222
24676.64
24622.643
24580.191
24454.063
23848.702
24050.081
24379.765
24319.339
24659.344
17024.944
17352.334
17344.015
17522.411
16890.659
17582.829
17266.545
17302.727
16907.646
17318.986
11065.488
11395.223
11384.507
11526.872
10794.493
10809.341
10816.426
11013.54
10735.623
11479.7
10889.83
11145.266
11033.563
11073.877
11114.76
11107.392
11146.331
11205.71
11107.731
10951.585
10183.28
10142.275
10143.17
10211.098
9708.4113
9717.8253
10223.76
10393.045
10067.872
10225.184
10160.808
10182.15
10057.278
10074.297
9873.6913
10421.817
10632.378
10132.308
9904.7862
10537.715
57624.402
57583.808
57638.172
57652.275
57574.158
57580.823
57557.111
57641.926
57550.468
57616.439
55319.051
55193.913
55306.931
55190.968
55414.56
55429.324
55338.047
55418.779
55313.682
55434.759
47149.212
46460.359
46523.358
46885.689
47055.104
46963.73
46429.247
46766.767
46585.975
46515.212
37126.578
36915.746
37039.291
36399.009
36770.695
36780.544
36703.804
36531.926
37160.227
37197.642
28458.227
27898.35
28134.836
28255.31
28561.489
28087.501
28305.565
28462.454
28543.579
28719.843
20403.166
20078.225
20261.527
20492.785
20795.984
20432.382
20254.426
20640.891
20840.488
20652.613
13609.391
13782.501
13942.007
13671.214
13486.449
14200.157
13259.65
13262.169
13840.014
13551.828
13121.854
13096.669
12954.557
13008.243
13495.379
13202.157
13313.229
13030.913
13061.714
13121.701
12202.76
12071.173
12282.963
11713.185
11936.746
12271.092
12510.211
12612.291
12345.224
12397.97
12932.99
12333.017
12454.692
12280.367
12104.497
12418.371
12196.634
12018.875
12078.13
12420.933
65608.592
65605.502
65610.329
65608.659
65602.089
65553.879
65576.488
65596.981
65644.102
65602.565
63036.587
63013.409
62852.421
62986.969
63089.382
63117.775
63014.281
62898.722
62879.557
63041.05
53376.529
53238.648
53322.523
53416.201
53254.585
53210.401
52882.671
53165.876
53622.126
53108.494
42487.761
42301.408
41990.402
42701.808
42214.431
42585.793
42125.024
42492.833
42467.447
42342.916
32470.199
32801.518
32997.066
32333.27
33066.987
32948.539
32747.441
32903.85
32630.067
32062.977
24351.89
24264.782
24546.832
24764.7
24201.582
24640.929
24488.59
24950.902
25022.933
24434.536
17178.33
17458.884
17127.994
17206.46
17320.178
17153.745
16954.967
17670.616
17016.93
16926.87
15649.721
15400.514
15175.811
15328.715
15424.165
15871.256
15635.492
15792.938
15089.991
15490.939
14794.137
14877.454
14371.743
14411.751
14537.942
14297.838
14668.909
14884.832
14367.533
14449.983
14843.293
16945.167
16292.582
16042.794
16674.76
16826.003
16853.474
17092.89
16828.647
17026.844
72856.025
72754.998
72771.578
72772.365
72800.395
72790.837
72731.37
72797.286
72769.314
72737.773
70150.633
69989.929
69927.086
70040.28
70056.191
69932.766
69902.915
69929.316
69623.825
69994.434
59201.681
59481.341
59003.841
59369.592
59226.971
59410.779
58699.972
59240.577
59082.313
58993.56
47660.192
47418.083
47660.667
47259.741
47290.716
47456.592
47404.807
47844.42
47667.906
47442.644
36622.787
36773.837
36784.683
37571.527
36865.295
36692.781
37438.516
37040.983
37606.193
36596.936
27853.453
28680.454
28110.343
28311.081
28411.013
28170.606
28490.77
27892.649
28549.744
28190.751
20414.816
20852.284
20963.819
21413.991
21267.96
20941.998
20848.011
20273.794
21111.976
20920.107
18726.257
18787.906
18821.483
18920.405
18690.476
18658.437
18982.885
19186.211
19064.384
19108.149
19610.587
19167.186
20016.522
18653.886
19659.739
18938.421
19310.606
19909.827
18941.953
19306.908
20810.068
20696.477
20790.47
20570.536
20602.424
20452.115
20516.875
20611.703
20741.598
20661.994
80728.755
80781.945
80728.264
80727.578
80846.502
80815.233
80785.262
80740.197
80794.186
80721.381
77632.564
77534.502
77698.05
77814.396
77577.004
77663.224
77648.02
77497.096
77556.898
77549.529
65917.644
65655.557
66061.953
65672.494
65740.431
65773.545
66020.555
66001.165
65831.808
65881.104
53013.315
53348.424
53128.689
53184.288
53592.649
53498.693
53038.299
53228.251
52999.318
53122.585
42309.201
42353.671
42165.351
42279.602
42546.844
42803.022
42496.251
42413.222
42119.54
42959.502
33024.33
32577.537
33432.192
32686.289
32903.069
33055.404
33059.967
33566.271
33506.544
33116.572
25767.478
25642.48
25528.114
24890.229
25120.66
25175.796
25637.171
25085.489
25492.294
25231.523
21275.649
21269.789
21384.062
21270.853
21549.973
21556.996
21344.379
21433.051
21490.333
21544.184
22534.063
21670.514
22520.379
22337.168
22399.137
21994.757
22566.802
22148.02
21448.28
22508.627
23518.533
23571.967
23573.453
23863.35
23693.837
23574.644
23603.742
23759.257
23757.522
23725.664
